[11-01-2020 03:57:11] PayPal\Core\PayPalHttpConnection : INFO: POST https://api.sandbox.paypal.com/v1/oauth2/token
[11-01-2020 03:57:14] PayPal\Core\PayPalHttpConnection : INFO: Response Status 	: 200
[11-01-2020 03:57:14] PayPal\Core\PayPalHttpConnection : INFO: GET https://api.sandbox.paypal.com/v1/payments/payment?count=1&start_index=0
[11-01-2020 03:57:20] PayPal\Core\PayPalHttpConnection : INFO: Response Status 	: 200
[11-01-2020 03:57:44] PayPal\Core\PayPalHttpConnection : INFO: POST https://api.sandbox.paypal.com/v1/oauth2/token
[11-01-2020 03:57:45] PayPal\Core\PayPalHttpConnection : INFO: Response Status 	: 200
[11-01-2020 03:57:45] PayPal\Core\PayPalHttpConnection : INFO: GET https://api.sandbox.paypal.com/v1/payments/payment?count=1&start_index=0
[11-01-2020 03:57:50] PayPal\Core\PayPalHttpConnection : INFO: Response Status 	: 200
[11-01-2020 03:58:26] PayPal\Core\PayPalHttpConnection : INFO: POST https://api.sandbox.paypal.com/v1/oauth2/token
[11-01-2020 03:58:28] PayPal\Core\PayPalHttpConnection : INFO: Response Status 	: 200
[11-01-2020 03:58:28] PayPal\Core\PayPalHttpConnection : INFO: GET https://api.sandbox.paypal.com/v1/payments/payment?count=1&start_index=0
[11-01-2020 03:58:29] PayPal\Core\PayPalHttpConnection : INFO: Response Status 	: 200
[11-01-2020 04:02:12] PayPal\Core\PayPalHttpConnection : INFO: POST https://api.sandbox.paypal.com/v1/oauth2/token
[11-01-2020 04:02:14] PayPal\Core\PayPalHttpConnection : INFO: Response Status 	: 200
[11-01-2020 04:02:14] PayPal\Core\PayPalHttpConnection : INFO: GET https://api.sandbox.paypal.com/v1/payments/payment?count=1&start_index=0
[11-01-2020 04:02:15] PayPal\Core\PayPalHttpConnection : INFO: Response Status 	: 200
[11-01-2020 04:02:39] PayPal\Core\PayPalHttpConnection : INFO: POST https://api.sandbox.paypal.com/v1/oauth2/token
[11-01-2020 04:02:41] PayPal\Core\PayPalHttpConnection : INFO: Response Status 	: 200
[11-01-2020 04:02:41] PayPal\Core\PayPalHttpConnection : INFO: GET https://api.sandbox.paypal.com/v1/payments/payment?count=1&start_index=0
[11-01-2020 04:02:43] PayPal\Core\PayPalHttpConnection : INFO: Response Status 	: 200
[11-01-2020 04:03:44] PayPal\Core\PayPalHttpConnection : INFO: POST https://api.sandbox.paypal.com/v1/oauth2/token
[11-01-2020 04:03:45] PayPal\Core\PayPalHttpConnection : INFO: Response Status 	: 200
[11-01-2020 04:03:45] PayPal\Core\PayPalHttpConnection : INFO: GET https://api.sandbox.paypal.com/v1/payments/payment?count=1&start_index=0
[11-01-2020 04:03:47] PayPal\Core\PayPalHttpConnection : INFO: Response Status 	: 200
[11-01-2020 04:20:04] PayPal\Core\PayPalHttpConnection : INFO: POST https://api.sandbox.paypal.com/v1/oauth2/token
[11-01-2020 04:20:06] PayPal\Core\PayPalHttpConnection : INFO: Response Status 	: 200
[11-01-2020 04:20:06] PayPal\Core\PayPalHttpConnection : INFO: POST https://api.sandbox.paypal.com/v1/payments/payment
[11-01-2020 04:20:08] PayPal\Core\PayPalHttpConnection : INFO: Response Status 	: 201
[11-01-2020 04:23:54] PayPal\Core\PayPalHttpConnection : INFO: POST https://api.sandbox.paypal.com/v1/oauth2/token
[11-01-2020 04:23:55] PayPal\Core\PayPalHttpConnection : INFO: Response Status 	: 200
[11-01-2020 04:23:55] PayPal\Core\PayPalHttpConnection : INFO: GET https://api.sandbox.paypal.com/v1/payments/payment?count=1&start_index=0
[11-01-2020 04:23:56] PayPal\Core\PayPalHttpConnection : INFO: Response Status 	: 200
[11-01-2020 04:24:21] PayPal\Core\PayPalHttpConnection : INFO: POST https://api.sandbox.paypal.com/v1/oauth2/token
[11-01-2020 04:24:23] PayPal\Core\PayPalHttpConnection : INFO: Response Status 	: 200
[11-01-2020 04:24:23] PayPal\Core\PayPalHttpConnection : INFO: GET https://api.sandbox.paypal.com/v1/payments/payment?count=1&start_index=0
[11-01-2020 04:24:25] PayPal\Core\PayPalHttpConnection : INFO: Response Status 	: 200
[11-01-2020 04:26:04] PayPal\Core\PayPalHttpConnection : INFO: POST https://api.sandbox.paypal.com/v1/oauth2/token
[11-01-2020 04:26:05] PayPal\Core\PayPalHttpConnection : INFO: Response Status 	: 200
[11-01-2020 04:26:05] PayPal\Core\PayPalHttpConnection : INFO: GET https://api.sandbox.paypal.com/v1/payments/payment?count=1&start_index=0
[11-01-2020 04:26:06] PayPal\Core\PayPalHttpConnection : INFO: Response Status 	: 200
[11-01-2020 04:26:34] PayPal\Core\PayPalHttpConnection : INFO: POST https://api.sandbox.paypal.com/v1/oauth2/token
[11-01-2020 04:26:36] PayPal\Core\PayPalHttpConnection : INFO: Response Status 	: 200
[11-01-2020 04:26:36] PayPal\Core\PayPalHttpConnection : INFO: GET https://api.sandbox.paypal.com/v1/payments/payment?count=1&start_index=0
[11-01-2020 04:26:37] PayPal\Core\PayPalHttpConnection : INFO: Response Status 	: 200
[11-01-2020 04:26:53] PayPal\Core\PayPalHttpConnection : INFO: POST https://api.sandbox.paypal.com/v1/oauth2/token
[11-01-2020 04:26:54] PayPal\Core\PayPalHttpConnection : INFO: Response Status 	: 200
[11-01-2020 04:26:54] PayPal\Core\PayPalHttpConnection : INFO: POST https://api.sandbox.paypal.com/v1/payments/payment
[11-01-2020 04:26:56] PayPal\Core\PayPalHttpConnection : INFO: Response Status 	: 201
[11-01-2020 04:36:54] PayPal\Core\PayPalHttpConnection : INFO: POST https://api.sandbox.paypal.com/v1/oauth2/token
[11-01-2020 04:36:55] PayPal\Core\PayPalHttpConnection : INFO: Response Status 	: 200
[11-01-2020 04:36:55] PayPal\Core\PayPalHttpConnection : INFO: POST https://api.sandbox.paypal.com/v1/payments/payment
[11-01-2020 04:36:58] PayPal\Core\PayPalHttpConnection : INFO: Response Status 	: 201
[11-01-2020 04:37:12] PayPal\Core\PayPalHttpConnection : INFO: POST https://api.sandbox.paypal.com/v1/oauth2/token
[11-01-2020 04:37:13] PayPal\Core\PayPalHttpConnection : INFO: Response Status 	: 200
[11-01-2020 04:37:13] PayPal\Core\PayPalHttpConnection : INFO: POST https://api.sandbox.paypal.com/v1/payments/payment
[11-01-2020 04:37:16] PayPal\Core\PayPalHttpConnection : INFO: Response Status 	: 201
[11-01-2020 04:37:16] PayPal\Core\PayPalHttpConnection : INFO: POST https://api.sandbox.paypal.com/v1/oauth2/token
[11-01-2020 04:37:18] PayPal\Core\PayPalHttpConnection : INFO: Response Status 	: 200
[11-01-2020 04:37:18] PayPal\Core\PayPalHttpConnection : INFO: POST https://api.sandbox.paypal.com/v1/payments/payment
[11-01-2020 04:37:20] PayPal\Core\PayPalHttpConnection : INFO: Response Status 	: 201
[11-01-2020 05:03:18] PayPal\Core\PayPalHttpConnection : INFO: POST https://api.sandbox.paypal.com/v1/oauth2/token
[11-01-2020 05:03:20] PayPal\Core\PayPalHttpConnection : INFO: Response Status 	: 200
[11-01-2020 05:03:20] PayPal\Core\PayPalHttpConnection : INFO: POST https://api.sandbox.paypal.com/v1/payments/payment
[11-01-2020 05:03:23] PayPal\Core\PayPalHttpConnection : INFO: Response Status 	: 400
[11-01-2020 05:03:23] PayPal\Core\PayPalHttpConnection : ERROR: Got Http response code 400 when accessing https://api.sandbox.paypal.com/v1/payments/payment. {"name":"VALIDATION_ERROR","details":[{"field":"transactions[0].item_list.shipping_address.country_code","issue":"Country code must be 2-character ISO 3166-1 value (upper case)"},{"field":"transactions[0].item_list.shipping_address.country_code","issue":"Country code must be 2-character ISO 3166-1 value (upper case)"}],"message":"Invalid request - see details","information_link":"https://developer.paypal.com/docs/api/payments/#errors","debug_id":"1bd28196a8e68"}
[11-01-2020 05:03:45] PayPal\Core\PayPalHttpConnection : INFO: POST https://api.sandbox.paypal.com/v1/oauth2/token
[11-01-2020 05:03:47] PayPal\Core\PayPalHttpConnection : INFO: Response Status 	: 200
[11-01-2020 05:03:47] PayPal\Core\PayPalHttpConnection : INFO: POST https://api.sandbox.paypal.com/v1/payments/payment
[11-01-2020 05:03:48] PayPal\Core\PayPalHttpConnection : INFO: Response Status 	: 400
[11-01-2020 05:03:48] PayPal\Core\PayPalHttpConnection : ERROR: Got Http response code 400 when accessing https://api.sandbox.paypal.com/v1/payments/payment. {"name":"VALIDATION_ERROR","details":[{"field":"transactions[0].item_list.shipping_address.country_code","issue":"Country code must be 2-character ISO 3166-1 value (upper case)"},{"field":"transactions[0].item_list.shipping_address.country_code","issue":"Country code must be 2-character ISO 3166-1 value (upper case)"}],"message":"Invalid request - see details","information_link":"https://developer.paypal.com/docs/api/payments/#errors","debug_id":"576e80c39ffcb"}
[11-01-2020 05:05:55] PayPal\Core\PayPalHttpConnection : INFO: POST https://api.sandbox.paypal.com/v1/oauth2/token
[11-01-2020 05:05:57] PayPal\Core\PayPalHttpConnection : INFO: Response Status 	: 200
[11-01-2020 05:05:57] PayPal\Core\PayPalHttpConnection : INFO: POST https://api.sandbox.paypal.com/v1/payments/payment
[11-01-2020 05:05:58] PayPal\Core\PayPalHttpConnection : INFO: Response Status 	: 400
[11-01-2020 05:05:58] PayPal\Core\PayPalHttpConnection : ERROR: Got Http response code 400 when accessing https://api.sandbox.paypal.com/v1/payments/payment. {"name":"VALIDATION_ERROR","details":[{"field":"transactions[0].item_list.shipping_address.country_code","issue":"Country code must be 2-character ISO 3166-1 value (upper case)"},{"field":"transactions[0].item_list.shipping_address.country_code","issue":"Country code must be 2-character ISO 3166-1 value (upper case)"}],"message":"Invalid request - see details","information_link":"https://developer.paypal.com/docs/api/payments/#errors","debug_id":"e0e886445f6e"}
[11-01-2020 05:12:39] PayPal\Core\PayPalHttpConnection : INFO: POST https://api.sandbox.paypal.com/v1/oauth2/token
[11-01-2020 05:12:41] PayPal\Core\PayPalHttpConnection : INFO: Response Status 	: 200
[11-01-2020 05:12:41] PayPal\Core\PayPalHttpConnection : INFO: POST https://api.sandbox.paypal.com/v1/payments/payment
[11-01-2020 05:12:44] PayPal\Core\PayPalHttpConnection : INFO: Response Status 	: 201
[11-01-2020 05:13:41] PayPal\Core\PayPalHttpConnection : INFO: POST https://api.sandbox.paypal.com/v1/oauth2/token
[11-01-2020 05:13:42] PayPal\Core\PayPalHttpConnection : INFO: Response Status 	: 200
[11-01-2020 05:13:42] PayPal\Core\PayPalHttpConnection : INFO: POST https://api.sandbox.paypal.com/v1/payments/payment
[11-01-2020 05:13:45] PayPal\Core\PayPalHttpConnection : INFO: Response Status 	: 201
[11-01-2020 05:15:17] PayPal\Core\PayPalHttpConnection : INFO: POST https://api.sandbox.paypal.com/v1/oauth2/token
[11-01-2020 05:15:18] PayPal\Core\PayPalHttpConnection : INFO: Response Status 	: 200
[11-01-2020 05:15:18] PayPal\Core\PayPalHttpConnection : INFO: POST https://api.sandbox.paypal.com/v1/payments/payment
[11-01-2020 05:15:20] PayPal\Core\PayPalHttpConnection : INFO: Response Status 	: 201
[11-01-2020 05:16:21] PayPal\Core\PayPalHttpConnection : INFO: POST https://api.sandbox.paypal.com/v1/oauth2/token
[11-01-2020 05:16:23] PayPal\Core\PayPalHttpConnection : INFO: Response Status 	: 200
[11-01-2020 05:16:23] PayPal\Core\PayPalHttpConnection : INFO: POST https://api.sandbox.paypal.com/v1/payments/payment
[11-01-2020 05:16:25] PayPal\Core\PayPalHttpConnection : INFO: Response Status 	: 201
[11-01-2020 05:37:08] PayPal\Core\PayPalHttpConnection : INFO: POST https://api.sandbox.paypal.com/v1/oauth2/token
[11-01-2020 05:37:10] PayPal\Core\PayPalHttpConnection : INFO: Response Status 	: 200
[11-01-2020 05:37:10] PayPal\Core\PayPalHttpConnection : INFO: POST https://api.sandbox.paypal.com/v1/payments/payment
[11-01-2020 05:37:12] PayPal\Core\PayPalHttpConnection : INFO: Response Status 	: 201
