Arguments: 
  /usr/bin/node /usr/share/yarn/bin/yarn.js install

PATH: 
  /home/smart/anaconda3/bin:/home/smart/.config/composer/vendor/bin:/usr/local/sbin:/usr/local/bin:/usr/sbin:/usr/bin:/sbin:/bin:/usr/games:/usr/local/games:/snap/bin

Yarn version: 
  1.17.3

Node version: 
  10.16.3

Platform: 
  linux x64

Trace: 
  Error: EPERM: operation not permitted, symlink '../../../parser/bin/babel-parser.js' -> '/media/smart/D0F3-4E30/productions/pacific-group/node_modules/@babel/core/node_modules/.bin/parser'

npm manifest: 
  {
      "private": true,
      "scripts": {
          "dev": "npm run development",
          "development": "cross-env NODE_ENV=development node_modules/webpack/bin/webpack.js --progress --hide-modules --config=node_modules/laravel-mix/setup/webpack.config.js",
          "watch": "npm run development -- --watch",
          "watch-poll": "npm run watch -- --watch-poll",
          "hot": "cross-env NODE_ENV=development node_modules/webpack-dev-server/bin/webpack-dev-server.js --inline --hot --config=node_modules/laravel-mix/setup/webpack.config.js",
          "prod": "npm run production",
          "production": "cross-env NODE_ENV=production node_modules/webpack/bin/webpack.js --no-progress --hide-modules --config=node_modules/laravel-mix/setup/webpack.config.js"
      },
      "devDependencies": {
          "axios": "^0.19",
          "bootstrap": "^4.1.0",
          "cross-env": "^5.1",
          "jquery": "^3.2",
          "laravel-mix": "^4.0.7",
          "lodash": "^4.17.13",
          "popper.js": "^1.12",
          "resolve-url-loader": "^2.3.1",
          "sass": "^1.15.2",
          "sass-loader": "^7.1.0",
          "vue": "^2.5.17"
      }
  }

yarn manifest: 
  No manifest

Lockfile: 
  No lockfile
